<?xml version="1.0" encoding="UTF-8"?>
<testsuite name="com.didekinservice.common.gcm.GcmMockTest" tests="2" skipped="0" failures="0" errors="0" timestamp="2016-10-31T19:03:38" hostname="dev-iMac.local" time="0.382">
  <properties/>
  <testcase name="testMulticast_1" classname="com.didekinservice.common.gcm.GcmMockTest" time="0.365"/>
  <testcase name="testMulticast_2" classname="com.didekinservice.common.gcm.GcmMockTest" time="0.017"/>
  <system-out><![CDATA[]]></system-out>
  <system-err><![CDATA[Oct 31, 2016 8:03:38 PM com.squareup.okhttp.mockwebserver.MockWebServer$3 execute
INFO: MockWebServer[59175] starting to accept connections
Oct 31, 2016 8:03:39 PM okhttp3.internal.platform.Platform log
INFO: --> POST http://localhost:59175/fcm/send http/1.1
Oct 31, 2016 8:03:39 PM okhttp3.internal.platform.Platform log
INFO: Content-Type: application/json
Oct 31, 2016 8:03:39 PM okhttp3.internal.platform.Platform log
INFO: Content-Length: 240
Oct 31, 2016 8:03:39 PM okhttp3.internal.platform.Platform log
INFO: Authorization: key= AIzaSyBRcUJ9Z9LNlmblvEBuX53U1jFTkwRcr4g
Oct 31, 2016 8:03:39 PM okhttp3.internal.platform.Platform log
INFO: Host: localhost:59175
Oct 31, 2016 8:03:39 PM okhttp3.internal.platform.Platform log
INFO: Connection: Keep-Alive
Oct 31, 2016 8:03:39 PM okhttp3.internal.platform.Platform log
INFO: Accept-Encoding: gzip
Oct 31, 2016 8:03:39 PM okhttp3.internal.platform.Platform log
INFO: User-Agent: okhttp/3.4.1
Oct 31, 2016 8:03:39 PM okhttp3.internal.platform.Platform log
INFO: 
Oct 31, 2016 8:03:39 PM okhttp3.internal.platform.Platform log
INFO: {"registration_ids":["registration_id_1A"],"priority":"normal","delay_while_idle":true,"time_to_live":1724,"restricted_package_name":"com.didekindroid","collapse_key":"incidencia_open","data":{"comunidadId":999,"typeMsg":"incidencia_open"}}
Oct 31, 2016 8:03:39 PM okhttp3.internal.platform.Platform log
INFO: --> END POST (240-byte body)
Oct 31, 2016 8:03:39 PM com.squareup.okhttp.mockwebserver.MockWebServer$4 processOneRequest
INFO: MockWebServer[59175] received request: POST /fcm/send HTTP/1.1 and responded: HTTP/1.1 200 OK
Oct 31, 2016 8:03:39 PM okhttp3.internal.platform.Platform log
INFO: <-- 200 OK http://localhost:59175/fcm/send (4ms)
Oct 31, 2016 8:03:39 PM okhttp3.internal.platform.Platform log
INFO: Content-Length: 140
Oct 31, 2016 8:03:39 PM okhttp3.internal.platform.Platform log
INFO: 
Oct 31, 2016 8:03:39 PM okhttp3.internal.platform.Platform log
INFO: {"multicast_id":1001,"success":1,"failure":0,"canonical_ids":1,"results":[{"message_id":"msg_id_1","registration_id":"registration_id_1B"}]}
Oct 31, 2016 8:03:39 PM okhttp3.internal.platform.Platform log
INFO: <-- END HTTP (140-byte body)
Oct 31, 2016 8:03:39 PM com.squareup.okhttp.mockwebserver.MockWebServer$3 acceptConnections
INFO: MockWebServer[59175] done accepting connections: Socket closed
Oct 31, 2016 8:03:39 PM com.squareup.okhttp.mockwebserver.MockWebServer$3 execute
INFO: MockWebServer[59193] starting to accept connections
Oct 31, 2016 8:03:39 PM okhttp3.internal.platform.Platform log
INFO: --> POST http://localhost:59193/fcm/send http/1.1
Oct 31, 2016 8:03:39 PM okhttp3.internal.platform.Platform log
INFO: Content-Type: application/json
Oct 31, 2016 8:03:39 PM okhttp3.internal.platform.Platform log
INFO: Content-Length: 303
Oct 31, 2016 8:03:39 PM okhttp3.internal.platform.Platform log
INFO: Authorization: key= AIzaSyBRcUJ9Z9LNlmblvEBuX53U1jFTkwRcr4g
Oct 31, 2016 8:03:39 PM okhttp3.internal.platform.Platform log
INFO: Host: localhost:59193
Oct 31, 2016 8:03:39 PM okhttp3.internal.platform.Platform log
INFO: Connection: Keep-Alive
Oct 31, 2016 8:03:39 PM okhttp3.internal.platform.Platform log
INFO: Accept-Encoding: gzip
Oct 31, 2016 8:03:39 PM okhttp3.internal.platform.Platform log
INFO: User-Agent: okhttp/3.4.1
Oct 31, 2016 8:03:39 PM okhttp3.internal.platform.Platform log
INFO: 
Oct 31, 2016 8:03:39 PM okhttp3.internal.platform.Platform log
INFO: {"registration_ids":["registration_id_2A","registration_id_1A","registration_id_3A","registration_id_4A"],"priority":"normal","delay_while_idle":true,"time_to_live":1724,"restricted_package_name":"com.didekindroid","collapse_key":"incidencia_open","data":{"comunidadId":999,"typeMsg":"incidencia_open"}}
Oct 31, 2016 8:03:39 PM okhttp3.internal.platform.Platform log
INFO: --> END POST (303-byte body)
Oct 31, 2016 8:03:39 PM com.squareup.okhttp.mockwebserver.MockWebServer$4 processOneRequest
INFO: MockWebServer[59193] received request: POST /fcm/send HTTP/1.1 and responded: HTTP/1.1 200 OK
Oct 31, 2016 8:03:39 PM okhttp3.internal.platform.Platform log
INFO: <-- 200 OK http://localhost:59193/fcm/send (2ms)
Oct 31, 2016 8:03:39 PM okhttp3.internal.platform.Platform log
INFO: Content-Length: 224
Oct 31, 2016 8:03:39 PM okhttp3.internal.platform.Platform log
INFO: 
Oct 31, 2016 8:03:39 PM okhttp3.internal.platform.Platform log
INFO: {"multicast_id":2002,"success":2,"failure":2,"canonical_ids":2,"results":[{"error":"InvalidRegistration"},{"message_id":"msg_id_1"},{"message_id":"msg_id_3","registration_id":"registration_id_3B"},{"error":"NotRegistered"}]}
Oct 31, 2016 8:03:39 PM okhttp3.internal.platform.Platform log
INFO: <-- END HTTP (224-byte body)
Oct 31, 2016 8:03:39 PM com.squareup.okhttp.mockwebserver.MockWebServer$3 acceptConnections
INFO: MockWebServer[59193] done accepting connections: Socket closed
]]></system-err>
</testsuite>
